[2026-01-28T17:20:14.725Z] start {"url":"http://localhost:3001"}
[2026-01-28T17:20:15.377Z] console {"type":"log","text":"%c * Tone.js v15.1.22 *  background: #000; color: #fff"}
[2026-01-28T17:20:15.533Z] console {"type":"warning","text":"The AudioContext was not allowed to start. It must be resumed (or created) after a user gesture on the page. https://developer.chrome.com/blog/autoplay/#web_audio"}
[2026-01-28T17:20:15.535Z] console {"type":"warning","text":"The AudioContext was not allowed to start. It must be resumed (or created) after a user gesture on the page. https://developer.chrome.com/blog/autoplay/#web_audio"}
[2026-01-28T17:20:15.652Z] console {"type":"log","text":"eVe v: 0.0.0.3"}
[2026-01-28T17:20:15.823Z] console {"type":"log","text":"[AuthState] set_current_user_state {previousUserId: null, userId: 7ec667e9-fcb6-5023-aee1-6dee32e2af67, userName: anonymous, userPhone: 9872021988, switchingUser: null}"}
[2026-01-28T17:20:15.824Z] console {"type":"log","text":"[AuthGate] signal_auth_check_complete {authenticated: true, userId: 7ec667e9-fcb6-5023-aee1-6dee32e2af67}"}
[2026-01-28T17:20:15.825Z] console {"type":"log","text":"[Bootstrap] waitForAuthCheck event {authenticated: true, userId: 7ec667e9-fcb6-5023-aee1-6dee32e2af67}"}
[2026-01-28T17:20:15.826Z] console {"type":"log","text":"[Bootstrap] bootstrapProject {force: false, authResult: Object, anonymousWorkspace: true}"}
[2026-01-28T17:20:15.828Z] console {"type":"log","text":"[Bootstrap] ensureCurrentProject init {force: false, anonymousWorkspace: true}"}
[2026-01-28T17:20:15.831Z] console {"type":"log","text":"[Bootstrap] Got currentUserId from api.auth.current: 7ec667e9-fcb6-5023-aee1-6dee32e2af67"}
[2026-01-28T17:20:15.832Z] console {"type":"log","text":"[Bootstrap] ensureCurrentProject starting {currentUserId: 7ec667e9-fcb6-5023-aee1-6dee32e2af67, force: false, bootstrapDone: false, bootstrappedUserId: null}"}
[2026-01-28T17:20:15.833Z] console {"type":"log","text":"[Bootstrap] savedProject {id: null, name: null}"}
[2026-01-28T17:20:15.835Z] console {"type":"log","text":"[ProjectSecurity] pickAuthoritativeProjects {currentUserId: 7ec667e9-fcb6-5023-aee1-6dee32e2af67, tauriRuntime: false, preferFastify: false, fastifyOk: true, tauriOk: false}"}
[2026-01-28T17:20:15.835Z] console {"type":"log","text":"[ProjectSecurity] filterProjectsByOwner(fastify-web): 0 -> 0 projects {userId: 7ec667e9-fcb6-5023-aee1-6dee32e2af67, blockedCount: 0}"}
[2026-01-28T17:20:15.836Z] console {"type":"log","text":"[Bootstrap] list projects {count: 0, currentUserId: 7ec667e9-fcb6-5023-aee1-6dee32e2af67}"}
[2026-01-28T17:20:15.838Z] console {"type":"log","text":"[ProjectSecurity] filterProjectsByOwner(state_current): 0 -> 0 projects {userId: 7ec667e9-fcb6-5023-aee1-6dee32e2af67, blockedCount: 0}"}
[2026-01-28T17:20:15.839Z] console {"type":"log","text":"[Bootstrap] fallback state_current {count: 0, preferredProjectId: null}"}
[2026-01-28T17:20:15.839Z] console {"type":"log","text":"[Bootstrap] No projects found, creating new project..."}
[2026-01-28T17:20:15.841Z] console {"type":"log","text":"[Bootstrap] Project creation result: {tauri: Object, fastify: Object}"}
[2026-01-28T17:20:15.841Z] console {"type":"log","text":"[Bootstrap] Created new project: {atome_id: 3277266f-d462-4258-a914-fd41788a8e46, name: welcome, owner_id: 7ec667e9-fcb6-5023-aee1-6dee32e2af67, properties: Object}"}
[2026-01-28T17:20:16.089Z] console {"type":"log","text":"[AuthState] set_current_user_state {previousUserId: 7ec667e9-fcb6-5023-aee1-6dee32e2af67, userId: 7ec667e9-fcb6-5023-aee1-6dee32e2af67, userName: anonymous, userPhone: 9872021988, switchingUser: false}"}
[2026-01-28T17:20:16.089Z] console {"type":"log","text":"[AuthGate] signal_auth_check_complete {authenticated: true, userId: 7ec667e9-fcb6-5023-aee1-6dee32e2af67}"}
[2026-01-28T17:20:16.089Z] console {"type":"log","text":"[AuthState] user-logged-in suppressed (no change) {userId: 7ec667e9-fcb6-5023-aee1-6dee32e2af67, switchingUser: false, isNewLogin: false}"}
[2026-01-28T17:20:16.090Z] console {"type":"log","text":"[AuthGate] signal_auth_check_complete {authenticated: true, userId: 7ec667e9-fcb6-5023-aee1-6dee32e2af67}"}
[2026-01-28T17:20:16.174Z] console {"type":"log","text":"[AuthState] set_current_user_state {previousUserId: 7ec667e9-fcb6-5023-aee1-6dee32e2af67, userId: 7ec667e9-fcb6-5023-aee1-6dee32e2af67, userName: anonymous, userPhone: 9872021988, switchingUser: false}"}
[2026-01-28T17:20:16.174Z] console {"type":"log","text":"[AuthGate] signal_auth_check_complete {authenticated: true, userId: 7ec667e9-fcb6-5023-aee1-6dee32e2af67}"}
[2026-01-28T17:20:16.174Z] console {"type":"log","text":"[AuthState] user-logged-in suppressed (no change) {userId: 7ec667e9-fcb6-5023-aee1-6dee32e2af67, switchingUser: false, isNewLogin: false}"}
[2026-01-28T17:20:17.167Z] console {"type":"log","text":"%c * Tone.js v15.1.22 *  background: #000; color: #fff"}
[2026-01-28T17:20:17.172Z] console {"type":"warning","text":"The AudioContext was not allowed to start. It must be resumed (or created) after a user gesture on the page. https://developer.chrome.com/blog/autoplay/#web_audio"}
[2026-01-28T17:20:17.172Z] console {"type":"warning","text":"The AudioContext was not allowed to start. It must be resumed (or created) after a user gesture on the page. https://developer.chrome.com/blog/autoplay/#web_audio"}
[2026-01-28T17:20:17.243Z] console {"type":"log","text":"eVe v: 0.0.0.3"}
[2026-01-28T17:20:17.407Z] console {"type":"log","text":"[AuthState] set_current_user_state {previousUserId: null, userId: c2ad737b-0617-5f90-a2dd-87ebf819edef, userName: anonymous, userPhone: 9226849061, switchingUser: null}"}
[2026-01-28T17:20:17.408Z] console {"type":"log","text":"[AuthGate] signal_auth_check_complete {authenticated: true, userId: c2ad737b-0617-5f90-a2dd-87ebf819edef}"}
[2026-01-28T17:20:17.408Z] console {"type":"log","text":"[Bootstrap] waitForAuthCheck event {authenticated: true, userId: c2ad737b-0617-5f90-a2dd-87ebf819edef}"}
[2026-01-28T17:20:17.409Z] console {"type":"log","text":"[Bootstrap] bootstrapProject {force: false, authResult: Object, anonymousWorkspace: true}"}
[2026-01-28T17:20:17.409Z] console {"type":"log","text":"[Bootstrap] ensureCurrentProject init {force: false, anonymousWorkspace: true}"}
[2026-01-28T17:20:17.413Z] console {"type":"log","text":"[Bootstrap] Got currentUserId from api.auth.current: c2ad737b-0617-5f90-a2dd-87ebf819edef"}
[2026-01-28T17:20:17.414Z] console {"type":"log","text":"[Bootstrap] ensureCurrentProject starting {currentUserId: c2ad737b-0617-5f90-a2dd-87ebf819edef, force: false, bootstrapDone: false, bootstrappedUserId: null}"}
[2026-01-28T17:20:17.416Z] console {"type":"log","text":"[Bootstrap] savedProject {id: null, name: null}"}
[2026-01-28T17:20:17.417Z] console {"type":"log","text":"[ProjectSecurity] pickAuthoritativeProjects {currentUserId: c2ad737b-0617-5f90-a2dd-87ebf819edef, tauriRuntime: false, preferFastify: false, fastifyOk: true, tauriOk: false}"}
[2026-01-28T17:20:17.418Z] console {"type":"log","text":"[ProjectSecurity] filterProjectsByOwner(fastify-web): 0 -> 0 projects {userId: c2ad737b-0617-5f90-a2dd-87ebf819edef, blockedCount: 0}"}
[2026-01-28T17:20:17.418Z] console {"type":"log","text":"[Bootstrap] list projects {count: 0, currentUserId: c2ad737b-0617-5f90-a2dd-87ebf819edef}"}
[2026-01-28T17:20:17.419Z] console {"type":"log","text":"[ProjectSecurity] filterProjectsByOwner(state_current): 0 -> 0 projects {userId: c2ad737b-0617-5f90-a2dd-87ebf819edef, blockedCount: 0}"}
[2026-01-28T17:20:17.419Z] console {"type":"log","text":"[Bootstrap] fallback state_current {count: 0, preferredProjectId: null}"}
[2026-01-28T17:20:17.419Z] console {"type":"log","text":"[Bootstrap] No projects found, creating new project..."}
[2026-01-28T17:20:17.421Z] console {"type":"log","text":"[Bootstrap] Project creation result: {tauri: Object, fastify: Object}"}
[2026-01-28T17:20:17.421Z] console {"type":"log","text":"[Bootstrap] Created new project: {atome_id: a086d99f-b394-430a-bc6f-46fc45a0165f, name: welcome, owner_id: c2ad737b-0617-5f90-a2dd-87ebf819edef, properties: Object}"}
[2026-01-28T17:20:17.434Z] console {"type":"log","text":"[AtomeRender] render {atomeId: 1d60f10a-e03e-40b8-a661-85bb69b123ad, projectId: a086d99f-b394-430a-bc6f-46fc45a0165f}"}
[2026-01-28T17:20:17.702Z] console {"type":"log","text":"[AuthState] set_current_user_state {previousUserId: c2ad737b-0617-5f90-a2dd-87ebf819edef, userId: c2ad737b-0617-5f90-a2dd-87ebf819edef, userName: anonymous, userPhone: 9226849061, switchingUser: false}"}
[2026-01-28T17:20:17.703Z] console {"type":"log","text":"[AuthGate] signal_auth_check_complete {authenticated: true, userId: c2ad737b-0617-5f90-a2dd-87ebf819edef}"}
[2026-01-28T17:20:17.703Z] console {"type":"log","text":"[AuthState] user-logged-in suppressed (no change) {userId: c2ad737b-0617-5f90-a2dd-87ebf819edef, switchingUser: false, isNewLogin: false}"}
[2026-01-28T17:20:17.703Z] console {"type":"log","text":"[AuthGate] signal_auth_check_complete {authenticated: true, userId: c2ad737b-0617-5f90-a2dd-87ebf819edef}"}
[2026-01-28T17:20:17.792Z] console {"type":"log","text":"[AuthState] set_current_user_state {previousUserId: c2ad737b-0617-5f90-a2dd-87ebf819edef, userId: c2ad737b-0617-5f90-a2dd-87ebf819edef, userName: anonymous, userPhone: 9226849061, switchingUser: false}"}
[2026-01-28T17:20:17.792Z] console {"type":"log","text":"[AuthGate] signal_auth_check_complete {authenticated: true, userId: c2ad737b-0617-5f90-a2dd-87ebf819edef}"}
[2026-01-28T17:20:17.792Z] console {"type":"log","text":"[AuthState] user-logged-in suppressed (no change) {userId: c2ad737b-0617-5f90-a2dd-87ebf819edef, switchingUser: false, isNewLogin: false}"}
[2026-01-28T17:20:18.868Z] snapshot:before_login {"authCheck":{"complete":true,"result":{"authenticated":true,"userId":"c2ad737b-0617-5f90-a2dd-87ebf819edef"}},"currentInfo":{"id":"c2ad737b-0617-5f90-a2dd-87ebf819edef","name":"anonymous","phone":"9226849061"},"currentUser":null,"projectList":null,"tokens":{"cloud_auth_token":"eyJhbGciOiJIUzI1NiIsInR5cCI6IkpXVCJ9.eyJ1c2VySWQiOiJjMmFkNzM3Yi0wNjE3LTVmOTAtYTJkZC04N2ViZjgxOWVkZWYiLCJwaG9uZSI6IjkyMjY4NDkwNjEiLCJpYXQiOjE3Njk2MjA4MTcsImV4cCI6MTc3MDIyNTYxN30.96W05Zpbxf4yxgxYjqed7_mnQU_p6maDbZwPl_8HnCk","local_auth_token":"eyJhbGciOiJIUzI1NiIsInR5cCI6IkpXVCJ9.eyJ1c2VySWQiOiJjMmFkNzM3Yi0wNjE3LTVmOTAtYTJkZC04N2ViZjgxOWVkZWYiLCJwaG9uZSI6IjkyMjY4NDkwNjEiLCJpYXQiOjE3Njk2MjA4MTcsImV4cCI6MTc3MDIyNTYxN30.96W05Zpbxf4yxgxYjqed7_mnQU_p6maDbZwPl_8HnCk","auth_token":null,"fastify_login_cache_v1":null,"tauri_user_session_v1":"{\"userId\":\"c2ad737b-0617-5f90-a2dd-87ebf819edef\",\"userName\":\"anonymous\",\"userPhone\":\"9226849061\",\"loggedAt\":\"2026-01-28T17:20:17.791Z\"}"},"anon":true,"currentUserWindow":{"id":"c2ad737b-0617-5f90-a2dd-87ebf819edef","name":"anonymous","phone":"9226849061"}}
[2026-01-28T17:20:18.960Z] console {"type":"log","text":"[AuthState] set_current_user_state {previousUserId: c2ad737b-0617-5f90-a2dd-87ebf819edef, userId: 9b7a481d-fe5b-5cc8-855d-9de1a2f8c45b, userName: 5, userPhone: 55555555, switchingUser: true}"}
[2026-01-28T17:20:18.963Z] console {"type":"log","text":"[AuthGate] signal_auth_check_complete {authenticated: true, userId: 9b7a481d-fe5b-5cc8-855d-9de1a2f8c45b}"}
[2026-01-28T17:20:19.063Z] console {"type":"log","text":"[Bootstrap] waitForAuthCheck immediate {authenticated: true, userId: 9b7a481d-fe5b-5cc8-855d-9de1a2f8c45b}"}
[2026-01-28T17:20:19.064Z] console {"type":"log","text":"[Bootstrap] bootstrapProject {force: true, authResult: Object, anonymousWorkspace: false}"}
[2026-01-28T17:20:19.064Z] console {"type":"log","text":"[Bootstrap] ensureCurrentProject init {force: true, anonymousWorkspace: false}"}
[2026-01-28T17:20:19.066Z] console {"type":"log","text":"[Bootstrap] Got currentUserId from api.auth.current: 9b7a481d-fe5b-5cc8-855d-9de1a2f8c45b"}
[2026-01-28T17:20:19.066Z] console {"type":"log","text":"[Bootstrap] ensureCurrentProject starting {currentUserId: 9b7a481d-fe5b-5cc8-855d-9de1a2f8c45b, force: true, bootstrapDone: false, bootstrappedUserId: null}"}
[2026-01-28T17:20:19.068Z] console {"type":"log","text":"[Bootstrap] savedProject {id: null, name: null}"}
[2026-01-28T17:20:19.071Z] console {"type":"log","text":"[ProjectSecurity] pickAuthoritativeProjects {currentUserId: 9b7a481d-fe5b-5cc8-855d-9de1a2f8c45b, tauriRuntime: false, preferFastify: false, fastifyOk: true, tauriOk: false}"}
[2026-01-28T17:20:19.072Z] console {"type":"log","text":"[ProjectSecurity] filterProjectsByOwner(fastify-web): 2 -> 2 projects {userId: 9b7a481d-fe5b-5cc8-855d-9de1a2f8c45b, blockedCount: 0}"}
[2026-01-28T17:20:19.072Z] console {"type":"log","text":"[Bootstrap] list projects {count: 2, currentUserId: 9b7a481d-fe5b-5cc8-855d-9de1a2f8c45b}"}
[2026-01-28T17:20:19.091Z] requestfailed {"url":"http://localhost:3001/assets/audios/riff.m4a","error":"net::ERR_ABORTED"}
[2026-01-28T17:20:20.972Z] snapshot:after_login {"authCheck":{"complete":true,"result":{"authenticated":true,"userId":"9b7a481d-fe5b-5cc8-855d-9de1a2f8c45b"}},"currentInfo":{"id":"9b7a481d-fe5b-5cc8-855d-9de1a2f8c45b","name":"5","phone":"55555555"},"currentUser":null,"projectList":null,"tokens":{"cloud_auth_token":"eyJhbGciOiJIUzI1NiIsInR5cCI6IkpXVCJ9.eyJ1c2VySWQiOiI5YjdhNDgxZC1mZTViLTVjYzgtODU1ZC05ZGUxYTJmOGM0NWIiLCJwaG9uZSI6IjU1NTU1NTU1IiwiaWF0IjoxNzY5NjIwODE4LCJleHAiOjE3NzAyMjU2MTh9.IiNzTLpWDRqELZh4w8HBsjRXfW6_4ZAbL2ro9Yu3W_w","local_auth_token":"eyJhbGciOiJIUzI1NiIsInR5cCI6IkpXVCJ9.eyJ1c2VySWQiOiJjMmFkNzM3Yi0wNjE3LTVmOTAtYTJkZC04N2ViZjgxOWVkZWYiLCJwaG9uZSI6IjkyMjY4NDkwNjEiLCJpYXQiOjE3Njk2MjA4MTcsImV4cCI6MTc3MDIyNTYxN30.96W05Zpbxf4yxgxYjqed7_mnQU_p6maDbZwPl_8HnCk","auth_token":null,"fastify_login_cache_v1":"{\"phone\":\"55555555\",\"password\":\"55555555\",\"savedAt\":\"2026-01-28T17:20:18.960Z\"}","tauri_user_session_v1":"{\"userId\":\"9b7a481d-fe5b-5cc8-855d-9de1a2f8c45b\",\"userName\":\"5\",\"userPhone\":\"55555555\",\"loggedAt\":\"2026-01-28T17:20:18.961Z\"}"},"anon":false,"currentUserWindow":{"id":"9b7a481d-fe5b-5cc8-855d-9de1a2f8c45b","name":"5","phone":"55555555"}}
[2026-01-28T17:20:21.071Z] console {"type":"log","text":"%c * Tone.js v15.1.22 *  background: #000; color: #fff"}
[2026-01-28T17:20:21.075Z] console {"type":"warning","text":"The AudioContext was not allowed to start. It must be resumed (or created) after a user gesture on the page. https://developer.chrome.com/blog/autoplay/#web_audio"}
[2026-01-28T17:20:21.075Z] console {"type":"warning","text":"The AudioContext was not allowed to start. It must be resumed (or created) after a user gesture on the page. https://developer.chrome.com/blog/autoplay/#web_audio"}
[2026-01-28T17:20:21.099Z] console {"type":"log","text":"[AuthState] set_current_user_state {previousUserId: null, userId: 9b7a481d-fe5b-5cc8-855d-9de1a2f8c45b, userName: 5, userPhone: 55555555, switchingUser: null}"}
[2026-01-28T17:20:21.099Z] console {"type":"log","text":"[AuthGate] signal_auth_check_complete {authenticated: true, userId: 9b7a481d-fe5b-5cc8-855d-9de1a2f8c45b}"}
[2026-01-28T17:20:21.100Z] console {"type":"log","text":"[AuthGate] signal_auth_check_complete {authenticated: true, userId: 9b7a481d-fe5b-5cc8-855d-9de1a2f8c45b}"}
[2026-01-28T17:20:21.122Z] console {"type":"log","text":"[Bootstrap] waitForAuthCheck global {authenticated: true, userId: 9b7a481d-fe5b-5cc8-855d-9de1a2f8c45b}"}
[2026-01-28T17:20:21.125Z] console {"type":"log","text":"eVe v: 0.0.0.3"}
[2026-01-28T17:20:21.127Z] console {"type":"log","text":"[Bootstrap] bootstrapProject {force: false, authResult: Object, anonymousWorkspace: false}"}
[2026-01-28T17:20:21.127Z] console {"type":"log","text":"[Bootstrap] ensureCurrentProject init {force: false, anonymousWorkspace: false}"}
[2026-01-28T17:20:21.135Z] console {"type":"log","text":"[Bootstrap] Got currentUserId from api.auth.current: 9b7a481d-fe5b-5cc8-855d-9de1a2f8c45b"}
[2026-01-28T17:20:21.136Z] console {"type":"log","text":"[Bootstrap] ensureCurrentProject starting {currentUserId: 9b7a481d-fe5b-5cc8-855d-9de1a2f8c45b, force: false, bootstrapDone: false, bootstrappedUserId: null}"}
[2026-01-28T17:20:21.137Z] console {"type":"log","text":"[Bootstrap] savedProject {id: dc484ff0-b05c-4c25-9915-61a30bb1ccbb, name: F2}"}
[2026-01-28T17:20:21.636Z] console {"type":"log","text":"[ProjectSecurity] pickAuthoritativeProjects {currentUserId: 9b7a481d-fe5b-5cc8-855d-9de1a2f8c45b, tauriRuntime: true, preferFastify: false, fastifyOk: true, tauriOk: true}"}
[2026-01-28T17:20:21.636Z] console {"type":"log","text":"[ProjectSecurity] filterProjectsByOwner(tauri-primary): 2 -> 2 projects {userId: 9b7a481d-fe5b-5cc8-855d-9de1a2f8c45b, blockedCount: 0}"}
[2026-01-28T17:20:21.637Z] console {"type":"log","text":"[Bootstrap] list projects {count: 2, currentUserId: 9b7a481d-fe5b-5cc8-855d-9de1a2f8c45b}"}
[2026-01-28T17:20:23.696Z] snapshot:after_refresh {"authCheck":{"complete":true,"result":{"authenticated":true,"userId":"9b7a481d-fe5b-5cc8-855d-9de1a2f8c45b"}},"currentInfo":{"id":"9b7a481d-fe5b-5cc8-855d-9de1a2f8c45b","name":"5","phone":"55555555"},"currentUser":null,"projectList":null,"tokens":{"cloud_auth_token":"eyJhbGciOiJIUzI1NiIsInR5cCI6IkpXVCJ9.eyJ1c2VySWQiOiI5YjdhNDgxZC1mZTViLTVjYzgtODU1ZC05ZGUxYTJmOGM0NWIiLCJwaG9uZSI6IjU1NTU1NTU1IiwiaWF0IjoxNzY5NjIwODE4LCJleHAiOjE3NzAyMjU2MTh9.IiNzTLpWDRqELZh4w8HBsjRXfW6_4ZAbL2ro9Yu3W_w","local_auth_token":"eyJhbGciOiJIUzI1NiIsInR5cCI6IkpXVCJ9.eyJ1c2VySWQiOiJjMmFkNzM3Yi0wNjE3LTVmOTAtYTJkZC04N2ViZjgxOWVkZWYiLCJwaG9uZSI6IjkyMjY4NDkwNjEiLCJpYXQiOjE3Njk2MjA4MTcsImV4cCI6MTc3MDIyNTYxN30.96W05Zpbxf4yxgxYjqed7_mnQU_p6maDbZwPl_8HnCk","auth_token":null,"fastify_login_cache_v1":"{\"phone\":\"55555555\",\"password\":\"55555555\",\"savedAt\":\"2026-01-28T17:20:18.960Z\"}","tauri_user_session_v1":"{\"userId\":\"9b7a481d-fe5b-5cc8-855d-9de1a2f8c45b\",\"userName\":\"5\",\"userPhone\":\"55555555\",\"loggedAt\":\"2026-01-28T17:20:21.098Z\"}"},"anon":false,"currentUserWindow":{"id":"9b7a481d-fe5b-5cc8-855d-9de1a2f8c45b","name":"5","phone":"55555555"}}
[2026-01-28T17:20:23.805Z] atome_result {"tauri":{"success":true,"data":{"ok":true,"success":true,"status":200,"data":{"atome_id":"9a6f24e1-1ba6-4906-84e3-d397a9a17c99","atome_type":"note","created_at":"2026-01-28T17:20:23.799117+00:00","created_source":"tauri","creator_id":"anonymous","data":{"color":"blue","created_at":"2026-01-28T17:20:23.798Z","name":"headless_test","text":"debug"},"owner_id":"9b7a481d-fe5b-5cc8-855d-9de1a2f8c45b","sync_status":"pending","updated_at":"2026-01-28T17:20:23.799117+00:00"}},"error":null},"fastify":{"success":true,"data":{"ok":true,"success":true,"status":200,"atome":{"atome_id":"9a6f24e1-1ba6-4906-84e3-d397a9a17c99","atome_type":"note","parent_id":null,"owner_id":"9b7a481d-fe5b-5cc8-855d-9de1a2f8c45b","creator_id":"9b7a481d-fe5b-5cc8-855d-9de1a2f8c45b","data":{"color":"blue","created_at":"2026-01-28T17:20:23.798Z","name":"headless_test","text":"debug"},"sync_status":"local","created_source":"fastify","created_at":"2026-01-28T17:20:23.803Z","updated_at":"2026-01-28T17:20:23.803Z"},"data":{"atome_id":"9a6f24e1-1ba6-4906-84e3-d397a9a17c99","atome_type":"note","parent_id":null,"owner_id":"9b7a481d-fe5b-5cc8-855d-9de1a2f8c45b","creator_id":"9b7a481d-fe5b-5cc8-855d-9de1a2f8c45b","data":{"color":"blue","created_at":"2026-01-28T17:20:23.798Z","name":"headless_test","text":"debug"},"sync_status":"local","created_source":"fastify","created_at":"2026-01-28T17:20:23.803Z","updated_at":"2026-01-28T17:20:23.803Z"}},"error":null}}
[2026-01-28T17:20:23.827Z] done
